<?xml version="1.0" encoding="UTF-8"?>
<!-- Generated by org.testng.reporters.JUnitReportReporter -->
<testsuite hostname="LAPTOP-AKT4HQ2U" failures="0" tests="2" name="com.herokuapp.theinternet.NegativeTests" time="17.984" errors="0" timestamp="2022-03-01T14:25:50 AEDT" skipped="0">
  <testcase classname="com.herokuapp.theinternet.NegativeTests" name="negativeLoginTest" time="9.434"/>
  <system-out/>
  <testcase classname="com.herokuapp.theinternet.NegativeTests" name="negativeLoginTest" time="8.550"/>
  <system-out/>
</testsuite> <!-- com.herokuapp.theinternet.NegativeTests -->
