<?xml version="1.0" encoding="UTF-8"?>
<!-- Generated by org.testng.reporters.JUnitReportReporter -->
<testsuite hostname="LAPTOP-AKT4HQ2U" failures="0" tests="1" name="com.herokuapp.theinternet.PositiveTests" time="11.634" errors="0" timestamp="2022-03-01T12:38:58 AEDT" skipped="0">
  <testcase classname="com.herokuapp.theinternet.PositiveTests" name="loginTest" time="11.634"/>
  <system-out/>
</testsuite> <!-- com.herokuapp.theinternet.PositiveTests -->
