<?xml version="1.0" encoding="UTF-8"?>
<!-- Generated by org.testng.reporters.JUnitReportReporter -->
<testsuite hostname="LAPTOP-AKT4HQ2U" failures="0" tests="1" name="com.herokuapp.theinternet.ExceptionTests" time="11.711" errors="0" timestamp="2022-03-01T17:26:07 AEDT" skipped="0">
  <testcase classname="com.herokuapp.theinternet.ExceptionTests" name="notVisibleTest" time="11.711"/>
  <system-out/>
</testsuite> <!-- com.herokuapp.theinternet.ExceptionTests -->
