<?xml version="1.0" encoding="UTF-8"?>
<!-- Generated by org.testng.reporters.JUnitReportReporter -->
<testsuite hostname="LAPTOP-AKT4HQ2U" failures="0" tests="3" name="com.herokuapp.theinternet.LoginTests" time="18.149" errors="0" timestamp="2022-03-01T15:01:51 AEDT" skipped="0">
  <testcase classname="com.herokuapp.theinternet.LoginTests" name="positiveLoginTest" time="6.682"/>
  <system-out/>
  <testcase classname="com.herokuapp.theinternet.LoginTests" name="negativeLoginTest" time="5.805"/>
  <system-out/>
  <testcase classname="com.herokuapp.theinternet.LoginTests" name="negativeLoginTest" time="5.662"/>
  <system-out/>
</testsuite> <!-- com.herokuapp.theinternet.LoginTests -->
