<?xml version="1.0" encoding="UTF-8"?>
<!-- Generated by org.testng.reporters.JUnitReportReporter -->
<testsuite hostname="LAPTOP-AKT4HQ2U" failures="0" tests="1" name="com.herokuapp.theinternet.NegativeTests" time="8.730" errors="0" timestamp="2022-03-01T12:04:28 AEDT" skipped="0">
  <testcase classname="com.herokuapp.theinternet.NegativeTests" name="negativeUsernameTest" time="8.730"/>
  <system-out/>
</testsuite> <!-- com.herokuapp.theinternet.NegativeTests -->
